This is pdfTeX, Version 3.14159265-2.6-1.40.16 (TeX Live 2015/Debian) (preloaded format=pdflatex 2017.8.9)  6 DEC 2017 12:02
entering extended mode
 restricted \write18 enabled.
 file:line:error style messages enabled.
 %&-line parsing enabled.
**INSTRUCTIONS-PROJECT.tex
(./INSTRUCTIONS-PROJECT.tex
LaTeX2e <2016/02/01>
Babel <3.9q> and hyphenation patterns for 81 language(s) loaded.
./INSTRUCTIONS-PROJECT.tex:1: Undefined control sequence.
l.1 \footnotesize
                 
? 
./INSTRUCTIONS-PROJECT.tex:1: Emergency stop.
l.1 \footnotesize
                 
End of file on the terminal!

 
Here is how much of TeX's memory you used:
 5 strings out of 493029
 186 string characters out of 6136235
 53068 words of memory out of 5000000
 3641 multiletter control sequences out of 15000+600000
 3640 words of font info for 14 fonts, out of 8000000 for 9000
 1141 hyphenation exceptions out of 8191
 5i,0n,1p,40b,8s stack positions out of 5000i,500n,10000p,200000b,80000s
./INSTRUCTIONS-PROJECT.tex:1:  ==> Fatal error occurred, no output PDF file pro
duced!
